<?xml version="1.0" encoding="utf-8"?><testsuites><testsuite errors="0" failures="0" hostname="USGFN1A819166" name="report.xml" skipped="0" tests="8" time="0.041" timestamp="2020-08-11T16:23:18.434238"><testcase classname="tests.test_add_by_mult.TestAddByMult" name="test_add_zero_zero" time="0.003"></testcase><testcase classname="tests.test_add_by_mult.TestAddByMult" name="test_add_two_three" time="0.001"></testcase><testcase classname="tests.test_add_by_mult.TestAddByMult" name="test_add_zero_one" time="0.001"></testcase><testcase classname="tests.test_add_by_mult.TestAddByMult" name="test_seven_eight" time="0.001"></testcase><testcase classname="tests.test_add_by_mult.TestAddByMult" name="test_neg_two_three" time="0.001"></testcase><testcase classname="tests.test_add_by_mult.TestAddByMult" name="test_two_neg_three" time="0.001"></testcase><testcase classname="tests.test_add_by_mult.TestAddByMult" name="test_two_ten_zero" time="0.001"></testcase><testcase classname="tests.test_add_by_mult.TestAddByMult" name="test_neg_two_neg_three" time="0.001"></testcase></testsuite></testsuites>